\BOOKMARK [1][-]{section.1}{\376\377\000R\000e\000s\000u\000m\000e\000n\000\040\000G\000e\000n\000e\000r\000a\000l}{}% 1
\BOOKMARK [1][-]{section.2}{\376\377\000\040\000A\000p\000r\000i\000l\000\040\0002\0000\0002\0005\000\040}{}% 2
\BOOKMARK [2][-]{subsection.2.1}{\376\377\000\040\000D\000\355\000a\000\040\000d\000e\000\040\000s\000e\000m\000a\000n\000a\000\040}{section.2}% 3
\BOOKMARK [1][-]{section.3}{\376\377\000\040\000M\000a\000r\000c\000h\000\040\0002\0000\0002\0005\000\040}{}% 4
\BOOKMARK [2][-]{subsection.3.1}{\376\377\000\040\000D\000\355\000a\000\040\000d\000e\000\040\000s\000e\000m\000a\000n\000a\000\040}{section.3}% 5
\BOOKMARK [2][-]{subsection.3.2}{\376\377\000\040\000F\000i\000n\000\040\000d\000e\000\040\000s\000e\000m\000a\000n\000a\000\040}{section.3}% 6
\BOOKMARK [1][-]{section.4}{\376\377\000D\000e\000t\000a\000l\000l\000e\000s\000\040\000d\000e\000\040\000M\000a\000r\000c\000a\000j\000e\000s}{}% 7
\BOOKMARK [2][-]{subsection.4.1}{\376\377\000\040\000D\000o\000n\000a\000l\000d\000\040\000E\000d\000g\000a\000r\000d\000o\000\040\000A\000n\000d\000i\000n\000o\000\040\000C\000a\000n\000a\000l\000e\000s\000\040}{section.4}% 8
\BOOKMARK [2][-]{subsection.4.2}{\376\377\000\040\000J\000a\000v\000i\000e\000r\000\040\000D\000a\000r\000i\000o\000\040\000J\000i\000m\000e\000n\000e\000z\000\040\000G\000u\000i\000l\000l\000e\000n\000\040}{section.4}% 9
\BOOKMARK [2][-]{subsection.4.3}{\376\377\000\040\000J\000o\000s\000e\000\040\000M\000a\000n\000u\000e\000l\000\040\000V\000a\000l\000l\000a\000d\000a\000r\000e\000s\000\040\000S\000a\000n\000c\000h\000e\000z\000\040}{section.4}% 10
\BOOKMARK [2][-]{subsection.4.4}{\376\377\000\040\000K\000a\000r\000e\000n\000\040\000M\000a\000t\000u\000t\000e\000\040}{section.4}% 11
\BOOKMARK [2][-]{subsection.4.5}{\376\377\000\040\000M\000a\000r\000r\000d\000e\000r\000\040\000A\000m\000a\000d\000o\000r\000\040\000M\000i\000l\000o\000v\000a\000n\000\040\000R\000o\000b\000e\000r\000t\000o\000\040}{section.4}% 12
\BOOKMARK [2][-]{subsection.4.6}{\376\377\000\040\000S\000a\000l\000i\000n\000a\000s\000\040\000O\000s\000o\000r\000t\000o\000\040\000L\000e\000s\000l\000y\000\040\000L\000i\000z\000e\000t\000h\000\040}{section.4}% 13
\BOOKMARK [2][-]{subsection.4.7}{\376\377\000\040\000V\000a\000l\000l\000e\000j\000o\000\040\000L\000a\000i\000n\000e\000z\000\040\000Y\000e\000s\000e\000n\000i\000a\000\040\000Y\000a\000m\000i\000l\000e\000t\000h\000\040}{section.4}% 14
\BOOKMARK [1][-]{section.5}{\376\377\000A\000n\000\341\000l\000i\000s\000i\000s\000\040\000d\000e\000\040\000G\000r\000u\000p\000o\000s\000\040\000d\000e\000\040\000E\000m\000p\000l\000e\000a\000d\000o\000s\000\040\000\050\000S\000e\000m\000a\000n\000a\000\040\000L\000a\000b\000o\000r\000a\000l\000\051}{}% 15
\BOOKMARK [2][-]{subsection.5.1}{\376\377\000V\000a\000r\000i\000a\000b\000l\000e\000s\000\040\000u\000t\000i\000l\000i\000z\000a\000d\000a\000s\000\040\000p\000a\000r\000a\000\040\000f\000o\000r\000m\000a\000r\000\040\000l\000o\000s\000\040\000g\000r\000u\000p\000o\000s}{section.5}% 16
\BOOKMARK [1][-]{section.6}{\376\377\000D\000e\000t\000a\000l\000l\000e\000\040\000d\000e\000\040\000E\000m\000p\000l\000e\000a\000d\000o\000s\000\040\000p\000o\000r\000\040\000G\000r\000u\000p\000o}{}% 17
\BOOKMARK [1][-]{section.7}{\376\377\000A\000n\000\341\000l\000i\000s\000i\000s\000\040\000d\000e\000\040\000G\000r\000u\000p\000o\000s\000\040\000d\000e\000\040\000E\000m\000p\000l\000e\000a\000d\000o\000s\000\040\000\050\000F\000i\000n\000e\000s\000\040\000d\000e\000\040\000S\000e\000m\000a\000n\000a\000\051}{}% 18
\BOOKMARK [2][-]{subsection.7.1}{\376\377\000V\000a\000r\000i\000a\000b\000l\000e\000s\000\040\000u\000t\000i\000l\000i\000z\000a\000d\000a\000s\000\040\000p\000a\000r\000a\000\040\000f\000o\000r\000m\000a\000r\000\040\000l\000o\000s\000\040\000g\000r\000u\000p\000o\000s}{section.7}% 19
\BOOKMARK [1][-]{section.8}{\376\377\000D\000e\000t\000a\000l\000l\000e\000\040\000d\000e\000\040\000E\000m\000p\000l\000e\000a\000d\000o\000s\000\040\000p\000o\000r\000\040\000G\000r\000u\000p\000o}{}% 20
